[2018-06-10 22:48:33] local.ERROR: SQLSTATE[HY000] [2002] php_network_getaddresses: getaddrinfo failed: No such host is known.  {"exception":"[object] (PDOException(code: 2002): SQLSTATE[HY000] [2002] php_network_getaddresses: getaddrinfo failed: No such host is known.  at D:\\laravelprojects\\bryanmwai\\vendor\\laravel\\framework\\src\\Illuminate\\Database\\Connectors\\Connector.php:68, PDOException(code: 0): PDO::__construct(): php_network_getaddresses: getaddrinfo failed: No such host is known.  at D:\\laravelprojects\\bryanmwai\\vendor\\laravel\\framework\\src\\Illuminate\\Database\\Connectors\\Connector.php:68)
[stacktrace]
#0 D:\\laravelprojects\\bryanmwai\\vendor\\laravel\\framework\\src\\Illuminate\\Database\\Connectors\\Connector.php(68): PDO->__construct('mysql:host=mysq...', 'root', '', Array)
#1 D:\\laravelprojects\\bryanmwai\\vendor\\laravel\\framework\\src\\Illuminate\\Database\\Connectors\\Connector.php(44): Illuminate\\Database\\Connectors\\Connector->createPdoConnection('mysql:host=mysq...', 'root', '', Array)
#2 D:\\laravelprojects\\bryanmwai\\vendor\\laravel\\framework\\src\\Illuminate\\Database\\Connectors\\MySqlConnector.php(24): Illuminate\\Database\\Connectors\\Connector->createConnection('mysql:host=mysq...', Array, Array)
#3 D:\\laravelprojects\\bryanmwai\\vendor\\laravel\\framework\\src\\Illuminate\\Database\\Connectors\\ConnectionFactory.php(183): Illuminate\\Database\\Connectors\\MySqlConnector->connect(Array)
#4 [internal function]: Illuminate\\Database\\Connectors\\ConnectionFactory->Illuminate\\Database\\Connectors\\{closure}()
#5 D:\\laravelprojects\\bryanmwai\\vendor\\laravel\\framework\\src\\Illuminate\\Database\\Connection.php(915): call_user_func(Object(Closure))
#6 D:\\laravelprojects\\bryanmwai\\vendor\\laravel\\framework\\src\\Illuminate\\Database\\Connection.php(940): Illuminate\\Database\\Connection->getPdo()
#7 D:\\laravelprojects\\bryanmwai\\vendor\\laravel\\framework\\src\\Illuminate\\Database\\Connection.php(399): Illuminate\\Database\\Connection->getReadPdo()
#8 D:\\laravelprojects\\bryanmwai\\vendor\\laravel\\framework\\src\\Illuminate\\Database\\Connection.php(325): Illuminate\\Database\\Connection->getPdoForSelect(true)
#9 D:\\laravelprojects\\bryanmwai\\vendor\\laravel\\framework\\src\\Illuminate\\Database\\Connection.php(657): Illuminate\\Database\\Connection->Illuminate\\Database\\{closure}('select * from i...', Array)
#10 D:\\laravelprojects\\bryanmwai\\vendor\\laravel\\framework\\src\\Illuminate\\Database\\Connection.php(624): Illuminate\\Database\\Connection->runQueryCallback('select * from i...', Array, Object(Closure))
#11 D:\\laravelprojects\\bryanmwai\\vendor\\laravel\\framework\\src\\Illuminate\\Database\\Connection.php(333): Illuminate\\Database\\Connection->run('select * from i...', Array, Object(Closure))
#12 D:\\laravelprojects\\bryanmwai\\vendor\\laravel\\framework\\src\\Illuminate\\Database\\Schema\\MySqlBuilder.php(18): Illuminate\\Database\\Connection->select('select * from i...', Array)
#13 D:\\laravelprojects\\bryanmwai\\vendor\\laravel\\framework\\src\\Illuminate\\Database\\Migrations\\DatabaseMigrationRepository.php(169): Illuminate\\Database\\Schema\\MySqlBuilder->hasTable('migrations')
#14 D:\\laravelprojects\\bryanmwai\\vendor\\laravel\\framework\\src\\Illuminate\\Database\\Migrations\\Migrator.php(545): Illuminate\\Database\\Migrations\\DatabaseMigrationRepository->repositoryExists()
#15 D:\\laravelprojects\\bryanmwai\\vendor\\laravel\\framework\\src\\Illuminate\\Database\\Console\\Migrations\\MigrateCommand.php(97): Illuminate\\Database\\Migrations\\Migrator->repositoryExists()
#16 D:\\laravelprojects\\bryanmwai\\vendor\\laravel\\framework\\src\\Illuminate\\Database\\Console\\Migrations\\MigrateCommand.php(63): Illuminate\\Database\\Console\\Migrations\\MigrateCommand->prepareDatabase()
#17 [internal function]: Illuminate\\Database\\Console\\Migrations\\MigrateCommand->handle()
#18 D:\\laravelprojects\\bryanmwai\\vendor\\laravel\\framework\\src\\Illuminate\\Container\\BoundMethod.php(29): call_user_func_array(Array, Array)
#19 D:\\laravelprojects\\bryanmwai\\vendor\\laravel\\framework\\src\\Illuminate\\Container\\BoundMethod.php(87): Illuminate\\Container\\BoundMethod::Illuminate\\Container\\{closure}()
#20 D:\\laravelprojects\\bryanmwai\\vendor\\laravel\\framework\\src\\Illuminate\\Container\\BoundMethod.php(31): Illuminate\\Container\\BoundMethod::callBoundMethod(Object(Illuminate\\Foundation\\Application), Array, Object(Closure))
#21 D:\\laravelprojects\\bryanmwai\\vendor\\laravel\\framework\\src\\Illuminate\\Container\\Container.php(564): Illuminate\\Container\\BoundMethod::call(Object(Illuminate\\Foundation\\Application), Array, Array, NULL)
#22 D:\\laravelprojects\\bryanmwai\\vendor\\laravel\\framework\\src\\Illuminate\\Console\\Command.php(184): Illuminate\\Container\\Container->call(Array)
#23 D:\\laravelprojects\\bryanmwai\\vendor\\symfony\\console\\Command\\Command.php(251): Illuminate\\Console\\Command->execute(Object(Symfony\\Component\\Console\\Input\\ArgvInput), Object(Illuminate\\Console\\OutputStyle))
#24 D:\\laravelprojects\\bryanmwai\\vendor\\laravel\\framework\\src\\Illuminate\\Console\\Command.php(171): Symfony\\Component\\Console\\Command\\Command->run(Object(Symfony\\Component\\Console\\Input\\ArgvInput), Object(Illuminate\\Console\\OutputStyle))
#25 D:\\laravelprojects\\bryanmwai\\vendor\\symfony\\console\\Application.php(886): Illuminate\\Console\\Command->run(Object(Symfony\\Component\\Console\\Input\\ArgvInput), Object(Symfony\\Component\\Console\\Output\\ConsoleOutput))
#26 D:\\laravelprojects\\bryanmwai\\vendor\\symfony\\console\\Application.php(262): Symfony\\Component\\Console\\Application->doRunCommand(Object(Illuminate\\Database\\Console\\Migrations\\MigrateCommand), Object(Symfony\\Component\\Console\\Input\\ArgvInput), Object(Symfony\\Component\\Console\\Output\\ConsoleOutput))
#27 D:\\laravelprojects\\bryanmwai\\vendor\\symfony\\console\\Application.php(145): Symfony\\Component\\Console\\Application->doRun(Object(Symfony\\Component\\Console\\Input\\ArgvInput), Object(Symfony\\Component\\Console\\Output\\ConsoleOutput))
#28 D:\\laravelprojects\\bryanmwai\\vendor\\laravel\\framework\\src\\Illuminate\\Console\\Application.php(89): Symfony\\Component\\Console\\Application->run(Object(Symfony\\Component\\Console\\Input\\ArgvInput), Object(Symfony\\Component\\Console\\Output\\ConsoleOutput))
#29 D:\\laravelprojects\\bryanmwai\\vendor\\laravel\\framework\\src\\Illuminate\\Foundation\\Console\\Kernel.php(122): Illuminate\\Console\\Application->run(Object(Symfony\\Component\\Console\\Input\\ArgvInput), Object(Symfony\\Component\\Console\\Output\\ConsoleOutput))
#30 D:\\laravelprojects\\bryanmwai\\artisan(37): Illuminate\\Foundation\\Console\\Kernel->handle(Object(Symfony\\Component\\Console\\Input\\ArgvInput), Object(Symfony\\Component\\Console\\Output\\ConsoleOutput))
#31 {main}
"} 
[2018-06-10 22:48:33] local.ERROR: SQLSTATE[HY000] [2002] php_network_getaddresses: getaddrinfo failed: No such host is known.  (SQL: select * from information_schema.tables where table_schema = bryanmwai and table_name = migrations) {"exception":"[object] (Illuminate\\Database\\QueryException(code: 2002): SQLSTATE[HY000] [2002] php_network_getaddresses: getaddrinfo failed: No such host is known.  (SQL: select * from information_schema.tables where table_schema = bryanmwai and table_name = migrations) at D:\\laravelprojects\\bryanmwai\\vendor\\laravel\\framework\\src\\Illuminate\\Database\\Connection.php:664, PDOException(code: 2002): SQLSTATE[HY000] [2002] php_network_getaddresses: getaddrinfo failed: No such host is known.  at D:\\laravelprojects\\bryanmwai\\vendor\\laravel\\framework\\src\\Illuminate\\Database\\Connectors\\Connector.php:68, PDOException(code: 0): PDO::__construct(): php_network_getaddresses: getaddrinfo failed: No such host is known.  at D:\\laravelprojects\\bryanmwai\\vendor\\laravel\\framework\\src\\Illuminate\\Database\\Connectors\\Connector.php:68)
[stacktrace]
#0 D:\\laravelprojects\\bryanmwai\\vendor\\laravel\\framework\\src\\Illuminate\\Database\\Connection.php(624): Illuminate\\Database\\Connection->runQueryCallback('select * from i...', Array, Object(Closure))
#1 D:\\laravelprojects\\bryanmwai\\vendor\\laravel\\framework\\src\\Illuminate\\Database\\Connection.php(333): Illuminate\\Database\\Connection->run('select * from i...', Array, Object(Closure))
#2 D:\\laravelprojects\\bryanmwai\\vendor\\laravel\\framework\\src\\Illuminate\\Database\\Schema\\MySqlBuilder.php(18): Illuminate\\Database\\Connection->select('select * from i...', Array)
#3 D:\\laravelprojects\\bryanmwai\\vendor\\laravel\\framework\\src\\Illuminate\\Database\\Migrations\\DatabaseMigrationRepository.php(169): Illuminate\\Database\\Schema\\MySqlBuilder->hasTable('migrations')
#4 D:\\laravelprojects\\bryanmwai\\vendor\\laravel\\framework\\src\\Illuminate\\Database\\Migrations\\Migrator.php(545): Illuminate\\Database\\Migrations\\DatabaseMigrationRepository->repositoryExists()
#5 D:\\laravelprojects\\bryanmwai\\vendor\\laravel\\framework\\src\\Illuminate\\Database\\Console\\Migrations\\MigrateCommand.php(97): Illuminate\\Database\\Migrations\\Migrator->repositoryExists()
#6 D:\\laravelprojects\\bryanmwai\\vendor\\laravel\\framework\\src\\Illuminate\\Database\\Console\\Migrations\\MigrateCommand.php(63): Illuminate\\Database\\Console\\Migrations\\MigrateCommand->prepareDatabase()
#7 [internal function]: Illuminate\\Database\\Console\\Migrations\\MigrateCommand->handle()
#8 D:\\laravelprojects\\bryanmwai\\vendor\\laravel\\framework\\src\\Illuminate\\Container\\BoundMethod.php(29): call_user_func_array(Array, Array)
#9 D:\\laravelprojects\\bryanmwai\\vendor\\laravel\\framework\\src\\Illuminate\\Container\\BoundMethod.php(87): Illuminate\\Container\\BoundMethod::Illuminate\\Container\\{closure}()
#10 D:\\laravelprojects\\bryanmwai\\vendor\\laravel\\framework\\src\\Illuminate\\Container\\BoundMethod.php(31): Illuminate\\Container\\BoundMethod::callBoundMethod(Object(Illuminate\\Foundation\\Application), Array, Object(Closure))
#11 D:\\laravelprojects\\bryanmwai\\vendor\\laravel\\framework\\src\\Illuminate\\Container\\Container.php(564): Illuminate\\Container\\BoundMethod::call(Object(Illuminate\\Foundation\\Application), Array, Array, NULL)
#12 D:\\laravelprojects\\bryanmwai\\vendor\\laravel\\framework\\src\\Illuminate\\Console\\Command.php(184): Illuminate\\Container\\Container->call(Array)
#13 D:\\laravelprojects\\bryanmwai\\vendor\\symfony\\console\\Command\\Command.php(251): Illuminate\\Console\\Command->execute(Object(Symfony\\Component\\Console\\Input\\ArgvInput), Object(Illuminate\\Console\\OutputStyle))
#14 D:\\laravelprojects\\bryanmwai\\vendor\\laravel\\framework\\src\\Illuminate\\Console\\Command.php(171): Symfony\\Component\\Console\\Command\\Command->run(Object(Symfony\\Component\\Console\\Input\\ArgvInput), Object(Illuminate\\Console\\OutputStyle))
#15 D:\\laravelprojects\\bryanmwai\\vendor\\symfony\\console\\Application.php(886): Illuminate\\Console\\Command->run(Object(Symfony\\Component\\Console\\Input\\ArgvInput), Object(Symfony\\Component\\Console\\Output\\ConsoleOutput))
#16 D:\\laravelprojects\\bryanmwai\\vendor\\symfony\\console\\Application.php(262): Symfony\\Component\\Console\\Application->doRunCommand(Object(Illuminate\\Database\\Console\\Migrations\\MigrateCommand), Object(Symfony\\Component\\Console\\Input\\ArgvInput), Object(Symfony\\Component\\Console\\Output\\ConsoleOutput))
#17 D:\\laravelprojects\\bryanmwai\\vendor\\symfony\\console\\Application.php(145): Symfony\\Component\\Console\\Application->doRun(Object(Symfony\\Component\\Console\\Input\\ArgvInput), Object(Symfony\\Component\\Console\\Output\\ConsoleOutput))
#18 D:\\laravelprojects\\bryanmwai\\vendor\\laravel\\framework\\src\\Illuminate\\Console\\Application.php(89): Symfony\\Component\\Console\\Application->run(Object(Symfony\\Component\\Console\\Input\\ArgvInput), Object(Symfony\\Component\\Console\\Output\\ConsoleOutput))
#19 D:\\laravelprojects\\bryanmwai\\vendor\\laravel\\framework\\src\\Illuminate\\Foundation\\Console\\Kernel.php(122): Illuminate\\Console\\Application->run(Object(Symfony\\Component\\Console\\Input\\ArgvInput), Object(Symfony\\Component\\Console\\Output\\ConsoleOutput))
#20 D:\\laravelprojects\\bryanmwai\\artisan(37): Illuminate\\Foundation\\Console\\Kernel->handle(Object(Symfony\\Component\\Console\\Input\\ArgvInput), Object(Symfony\\Component\\Console\\Output\\ConsoleOutput))
#21 {main}
"} 
[2018-06-10 22:51:22] local.ERROR: SQLSTATE[42000]: Syntax error or access violation: 1071 Specified key was too long; max key length is 767 bytes (SQL: alter table `users` add unique `users_email_unique`(`email`)) {"exception":"[object] (Illuminate\\Database\\QueryException(code: 42000): SQLSTATE[42000]: Syntax error or access violation: 1071 Specified key was too long; max key length is 767 bytes (SQL: alter table `users` add unique `users_email_unique`(`email`)) at D:\\laravelprojects\\bryanmwai\\vendor\\laravel\\framework\\src\\Illuminate\\Database\\Connection.php:664, PDOException(code: 42000): SQLSTATE[42000]: Syntax error or access violation: 1071 Specified key was too long; max key length is 767 bytes at D:\\laravelprojects\\bryanmwai\\vendor\\laravel\\framework\\src\\Illuminate\\Database\\Connection.php:458)
[stacktrace]
#0 D:\\laravelprojects\\bryanmwai\\vendor\\laravel\\framework\\src\\Illuminate\\Database\\Connection.php(624): Illuminate\\Database\\Connection->runQueryCallback('alter table `us...', Array, Object(Closure))
#1 D:\\laravelprojects\\bryanmwai\\vendor\\laravel\\framework\\src\\Illuminate\\Database\\Connection.php(459): Illuminate\\Database\\Connection->run('alter table `us...', Array, Object(Closure))
#2 D:\\laravelprojects\\bryanmwai\\vendor\\laravel\\framework\\src\\Illuminate\\Database\\Schema\\Blueprint.php(88): Illuminate\\Database\\Connection->statement('alter table `us...')
#3 D:\\laravelprojects\\bryanmwai\\vendor\\laravel\\framework\\src\\Illuminate\\Database\\Schema\\Builder.php(252): Illuminate\\Database\\Schema\\Blueprint->build(Object(Illuminate\\Database\\MySqlConnection), Object(Illuminate\\Database\\Schema\\Grammars\\MySqlGrammar))
#4 D:\\laravelprojects\\bryanmwai\\vendor\\laravel\\framework\\src\\Illuminate\\Database\\Schema\\Builder.php(165): Illuminate\\Database\\Schema\\Builder->build(Object(Illuminate\\Database\\Schema\\Blueprint))
#5 D:\\laravelprojects\\bryanmwai\\vendor\\laravel\\framework\\src\\Illuminate\\Support\\Facades\\Facade.php(221): Illuminate\\Database\\Schema\\Builder->create('users', Object(Closure))
#6 D:\\laravelprojects\\bryanmwai\\database\\migrations\\2014_10_12_000000_create_users_table.php(23): Illuminate\\Support\\Facades\\Facade::__callStatic('create', Array)
#7 D:\\laravelprojects\\bryanmwai\\vendor\\laravel\\framework\\src\\Illuminate\\Database\\Migrations\\Migrator.php(359): CreateUsersTable->up()
#8 D:\\laravelprojects\\bryanmwai\\vendor\\laravel\\framework\\src\\Illuminate\\Database\\Migrations\\Migrator.php(366): Illuminate\\Database\\Migrations\\Migrator->Illuminate\\Database\\Migrations\\{closure}()
#9 D:\\laravelprojects\\bryanmwai\\vendor\\laravel\\framework\\src\\Illuminate\\Database\\Migrations\\Migrator.php(177): Illuminate\\Database\\Migrations\\Migrator->runMigration(Object(CreateUsersTable), 'up')
#10 D:\\laravelprojects\\bryanmwai\\vendor\\laravel\\framework\\src\\Illuminate\\Database\\Migrations\\Migrator.php(146): Illuminate\\Database\\Migrations\\Migrator->runUp('D:\\\\laravelproje...', 1, false)
#11 D:\\laravelprojects\\bryanmwai\\vendor\\laravel\\framework\\src\\Illuminate\\Database\\Migrations\\Migrator.php(95): Illuminate\\Database\\Migrations\\Migrator->runPending(Array, Array)
#12 D:\\laravelprojects\\bryanmwai\\vendor\\laravel\\framework\\src\\Illuminate\\Database\\Console\\Migrations\\MigrateCommand.php(70): Illuminate\\Database\\Migrations\\Migrator->run(Array, Array)
#13 [internal function]: Illuminate\\Database\\Console\\Migrations\\MigrateCommand->handle()
#14 D:\\laravelprojects\\bryanmwai\\vendor\\laravel\\framework\\src\\Illuminate\\Container\\BoundMethod.php(29): call_user_func_array(Array, Array)
#15 D:\\laravelprojects\\bryanmwai\\vendor\\laravel\\framework\\src\\Illuminate\\Container\\BoundMethod.php(87): Illuminate\\Container\\BoundMethod::Illuminate\\Container\\{closure}()
#16 D:\\laravelprojects\\bryanmwai\\vendor\\laravel\\framework\\src\\Illuminate\\Container\\BoundMethod.php(31): Illuminate\\Container\\BoundMethod::callBoundMethod(Object(Illuminate\\Foundation\\Application), Array, Object(Closure))
#17 D:\\laravelprojects\\bryanmwai\\vendor\\laravel\\framework\\src\\Illuminate\\Container\\Container.php(564): Illuminate\\Container\\BoundMethod::call(Object(Illuminate\\Foundation\\Application), Array, Array, NULL)
#18 D:\\laravelprojects\\bryanmwai\\vendor\\laravel\\framework\\src\\Illuminate\\Console\\Command.php(184): Illuminate\\Container\\Container->call(Array)
#19 D:\\laravelprojects\\bryanmwai\\vendor\\symfony\\console\\Command\\Command.php(251): Illuminate\\Console\\Command->execute(Object(Symfony\\Component\\Console\\Input\\ArgvInput), Object(Illuminate\\Console\\OutputStyle))
#20 D:\\laravelprojects\\bryanmwai\\vendor\\laravel\\framework\\src\\Illuminate\\Console\\Command.php(171): Symfony\\Component\\Console\\Command\\Command->run(Object(Symfony\\Component\\Console\\Input\\ArgvInput), Object(Illuminate\\Console\\OutputStyle))
#21 D:\\laravelprojects\\bryanmwai\\vendor\\symfony\\console\\Application.php(886): Illuminate\\Console\\Command->run(Object(Symfony\\Component\\Console\\Input\\ArgvInput), Object(Symfony\\Component\\Console\\Output\\ConsoleOutput))
#22 D:\\laravelprojects\\bryanmwai\\vendor\\symfony\\console\\Application.php(262): Symfony\\Component\\Console\\Application->doRunCommand(Object(Illuminate\\Database\\Console\\Migrations\\MigrateCommand), Object(Symfony\\Component\\Console\\Input\\ArgvInput), Object(Symfony\\Component\\Console\\Output\\ConsoleOutput))
#23 D:\\laravelprojects\\bryanmwai\\vendor\\symfony\\console\\Application.php(145): Symfony\\Component\\Console\\Application->doRun(Object(Symfony\\Component\\Console\\Input\\ArgvInput), Object(Symfony\\Component\\Console\\Output\\ConsoleOutput))
#24 D:\\laravelprojects\\bryanmwai\\vendor\\laravel\\framework\\src\\Illuminate\\Console\\Application.php(89): Symfony\\Component\\Console\\Application->run(Object(Symfony\\Component\\Console\\Input\\ArgvInput), Object(Symfony\\Component\\Console\\Output\\ConsoleOutput))
#25 D:\\laravelprojects\\bryanmwai\\vendor\\laravel\\framework\\src\\Illuminate\\Foundation\\Console\\Kernel.php(122): Illuminate\\Console\\Application->run(Object(Symfony\\Component\\Console\\Input\\ArgvInput), Object(Symfony\\Component\\Console\\Output\\ConsoleOutput))
#26 D:\\laravelprojects\\bryanmwai\\artisan(37): Illuminate\\Foundation\\Console\\Kernel->handle(Object(Symfony\\Component\\Console\\Input\\ArgvInput), Object(Symfony\\Component\\Console\\Output\\ConsoleOutput))
#27 {main}
"} 
